[1023/142434.434:ERROR:directory_reader_win.cc(43)] FindFirstFile: 系统找不到指定的路径。 (0x3)
[1023/144749.571:ERROR:process_reader_win.cc(123)] NtOpenThread: {无法访问} 过程已请求访问一对象，但未给访问权限。 (0xc0000022)
[1023/144749.571:ERROR:exception_snapshot_win.cc(99)] thread ID 22708 not found in process
[1023/144749.590:ERROR:process_reader_win.cc(123)] NtOpenThread: {无法访问} 过程已请求访问一对象，但未给访问权限。 (0xc0000022)
[1023/144749.590:ERROR:exception_snapshot_win.cc(99)] thread ID 4188 not found in process
[1023/144749.608:ERROR:process_reader_win.cc(123)] NtOpenThread: {无法访问} 过程已请求访问一对象，但未给访问权限。 (0xc0000022)
[1023/144749.608:ERROR:exception_snapshot_win.cc(99)] thread ID 16560 not found in process
[1023/144749.654:ERROR:process_reader_win.cc(123)] NtOpenThread: {无法访问} 过程已请求访问一对象，但未给访问权限。 (0xc0000022)
[1023/144749.654:ERROR:exception_snapshot_win.cc(99)] thread ID 24132 not found in process
[1023/144749.678:ERROR:process_reader_win.cc(123)] NtOpenThread: {无法访问} 过程已请求访问一对象，但未给访问权限。 (0xc0000022)
[1023/144749.678:ERROR:exception_snapshot_win.cc(99)] thread ID 19996 not found in process
[1023/144749.705:ERROR:process_reader_win.cc(123)] NtOpenThread: {无法访问} 过程已请求访问一对象，但未给访问权限。 (0xc0000022)
[1023/144749.705:ERROR:exception_snapshot_win.cc(99)] thread ID 18492 not found in process
[1023/144749.760:ERROR:process_reader_win.cc(123)] NtOpenThread: {无法访问} 过程已请求访问一对象，但未给访问权限。 (0xc0000022)
[1023/144749.760:ERROR:exception_snapshot_win.cc(99)] thread ID 18824 not found in process
[1030/171242.917:ERROR:process_info.cc(359)] UncheckedAllocate
[1030/171242.933:ERROR:filesystem_win.cc(129)] GetFileAttributes C:\Users\lzx\AppData\Local\Temp\scoped_dir17184_719993186\Crashpad\attachments\64622c12-ad09-45d4-8a61-19a2f4a6beee: 系统找不到指定的路径。 (0x3)
[1030/171304.016:ERROR:http_transport_win.cc(276)] WinHttpSendRequest: 操作成功完成。 (0x0)
[1030/171326.175:ERROR:process_reader_win.cc(123)] NtOpenThread: {无法访问} 过程已请求访问一对象，但未给访问权限。 (0xc0000022)
[1030/171326.175:ERROR:exception_snapshot_win.cc(99)] thread ID 16476 not found in process
[1030/171326.187:ERROR:process_reader_win.cc(123)] NtOpenThread: {无法访问} 过程已请求访问一对象，但未给访问权限。 (0xc0000022)
[1030/171326.187:ERROR:exception_snapshot_win.cc(99)] thread ID 8852 not found in process
[1030/171326.203:ERROR:process_reader_win.cc(123)] NtOpenThread: {无法访问} 过程已请求访问一对象，但未给访问权限。 (0xc0000022)
[1030/171326.203:ERROR:exception_snapshot_win.cc(99)] thread ID 7812 not found in process
[1030/171326.221:ERROR:process_reader_win.cc(123)] NtOpenThread: {无法访问} 过程已请求访问一对象，但未给访问权限。 (0xc0000022)
[1030/171326.221:ERROR:exception_snapshot_win.cc(99)] thread ID 4692 not found in process
[1030/171326.241:ERROR:process_reader_win.cc(123)] NtOpenThread: {无法访问} 过程已请求访问一对象，但未给访问权限。 (0xc0000022)
[1030/171326.241:ERROR:exception_snapshot_win.cc(99)] thread ID 14096 not found in process
[1030/171326.274:ERROR:process_reader_win.cc(123)] NtOpenThread: {无法访问} 过程已请求访问一对象，但未给访问权限。 (0xc0000022)
[1030/171326.275:ERROR:exception_snapshot_win.cc(99)] thread ID 672 not found in process
[1030/171326.314:ERROR:process_reader_win.cc(123)] NtOpenThread: {无法访问} 过程已请求访问一对象，但未给访问权限。 (0xc0000022)
[1030/171326.314:ERROR:exception_snapshot_win.cc(99)] thread ID 5912 not found in process
[1109/104556.833:ERROR:directory_reader_win.cc(43)] FindFirstFile: 系统找不到指定的路径。 (0x3)
