2021-06-25 23:47:42.510 +08:00 [SkyWalkingDemo] [Information] SkyApm.InstrumentStartup : Initializing ...
2021-06-25 23:47:42.567 +08:00 [SkyWalkingDemo] [Information] SkyApm.Service.RegisterService : Loaded instrument service [SkyApm.Service.RegisterService].
2021-06-25 23:47:42.575 +08:00 [SkyWalkingDemo] [Information] SkyApm.Service.PingService : Loaded instrument service [SkyApm.Service.PingService].
2021-06-25 23:47:42.575 +08:00 [SkyWalkingDemo] [Information] SkyApm.Service.ServiceDiscoveryV5Service : Loaded instrument service [SkyApm.Service.ServiceDiscoveryV5Service].
2021-06-25 23:47:42.575 +08:00 [SkyWalkingDemo] [Information] SkyApm.Service.SegmentReportService : Loaded instrument service [SkyApm.Service.SegmentReportService].
2021-06-25 23:47:42.576 +08:00 [SkyWalkingDemo] [Information] SkyApm.Service.CLRStatsService : Loaded instrument service [SkyApm.Service.CLRStatsService].
2021-06-25 23:47:42.576 +08:00 [SkyWalkingDemo] [Information] SkyApm.Sampling.SimpleCountSamplingInterceptor : Loaded instrument service [SkyApm.Sampling.SimpleCountSamplingInterceptor].
2021-06-25 23:47:42.576 +08:00 [SkyWalkingDemo] [Information] SkyApm.Transport.Grpc.V6.ConnectService : Loaded instrument service [SkyApm.Transport.Grpc.V6.ConnectService].
2021-06-25 23:47:42.632 +08:00 [SkyWalkingDemo] [Information] SkyApm.Diagnostics.TracingDiagnosticProcessorObserver : Loaded diagnostic listener [Microsoft.AspNetCore].
2021-06-25 23:47:42.632 +08:00 [SkyWalkingDemo] [Information] SkyApm.InstrumentStartup : Started SkyAPM .NET Core Agent.
2021-06-25 23:47:42.787 +08:00 [SkyWalkingDemo] [Information] SkyApm.Transport.Grpc.ConnectionManager : Connected server[8.142.71.127:11800].
2021-06-25 23:47:43.950 +08:00 [SkyWalkingDemo] [Information] SkyApm.Service.RegisterService : Registered Service[Id=2].
2021-06-25 23:47:45.119 +08:00 [SkyWalkingDemo] [Information] SkyApm.Service.RegisterService : Registered ServiceInstance[Id=2].
2021-06-25 23:48:12.667 +08:00 [SkyWalkingDemo] [Information] SkyApm.Service.PingService : Ping server @2021/6/25 15:48:12 +00:00
2021-06-25 23:48:12.708 +08:00 [SkyWalkingDemo] [Information] SkyApm.Service.CLRStatsService : Report CLR Stats. CPU UsagePercent 0 GenCollectCount 0 0 0 9M ThreadPool 32764 32767 1000 1000
2021-06-25 23:48:18.267 +08:00 [SkyWalkingDemo] [Debug] SkyApm.Transport.AsyncQueueSegmentDispatcher : Dispatch trace segment. [SegmentId]=2.30.16246360982440002.
2021-06-25 23:48:18.707 +08:00 [SkyWalkingDemo] [Information] SkyApm.Transport.Grpc.V6.SegmentReporter : Report 1 trace segment. cost: 00:00:00.1261229s
2021-06-25 23:48:20.119 +08:00 [SkyWalkingDemo] [Debug] SkyApm.Transport.AsyncQueueSegmentDispatcher : Dispatch trace segment. [SegmentId]=2.13.16246361001170004.
2021-06-25 23:48:20.119 +08:00 [SkyWalkingDemo] [Debug] SkyApm.Transport.AsyncQueueSegmentDispatcher : Dispatch trace segment. [SegmentId]=2.21.16246361001170002.
2021-06-25 23:48:20.119 +08:00 [SkyWalkingDemo] [Debug] SkyApm.Transport.AsyncQueueSegmentDispatcher : Dispatch trace segment. [SegmentId]=2.22.16246361001160002.
2021-06-25 23:48:21.685 +08:00 [SkyWalkingDemo] [Information] SkyApm.Transport.Grpc.V6.SegmentReporter : Report 3 trace segment. cost: 00:00:00.0931037s
2021-06-25 23:48:42.629 +08:00 [SkyWalkingDemo] [Information] SkyApm.Service.CLRStatsService : Report CLR Stats. CPU UsagePercent 0 GenCollectCount 0 0 0 9M ThreadPool 32764 32767 1000 1000
2021-06-25 23:48:51.345 +08:00 [SkyWalkingDemo] [Information] SkyApm.Service.RegisterService : Stopped instrument service RegisterService.
2021-06-25 23:48:51.345 +08:00 [SkyWalkingDemo] [Information] SkyApm.Service.PingService : Stopped instrument service PingService.
2021-06-25 23:48:51.345 +08:00 [SkyWalkingDemo] [Information] SkyApm.Service.ServiceDiscoveryV5Service : Stopped instrument service ServiceDiscoveryV5Service.
2021-06-25 23:48:51.345 +08:00 [SkyWalkingDemo] [Information] SkyApm.Service.SegmentReportService : Stopped instrument service SegmentReportService.
2021-06-25 23:48:51.345 +08:00 [SkyWalkingDemo] [Information] SkyApm.Service.CLRStatsService : Stopped instrument service CLRStatsService.
2021-06-25 23:48:51.345 +08:00 [SkyWalkingDemo] [Information] SkyApm.Sampling.SimpleCountSamplingInterceptor : Stopped instrument service SimpleCountSamplingInterceptor.
2021-06-25 23:48:51.345 +08:00 [SkyWalkingDemo] [Information] SkyApm.Transport.Grpc.V6.ConnectService : Stopped instrument service ConnectService.
2021-06-25 23:48:51.345 +08:00 [SkyWalkingDemo] [Information] SkyApm.InstrumentStartup : Stopped SkyAPM .NET Core Agent.
2021-06-25 23:50:20.136 +08:00 [SkyWalkingDemo] [Information] SkyApm.InstrumentStartup : Initializing ...
2021-06-25 23:50:20.171 +08:00 [SkyWalkingDemo] [Information] SkyApm.Service.RegisterService : Loaded instrument service [SkyApm.Service.RegisterService].
2021-06-25 23:50:20.179 +08:00 [SkyWalkingDemo] [Information] SkyApm.Service.PingService : Loaded instrument service [SkyApm.Service.PingService].
2021-06-25 23:50:20.179 +08:00 [SkyWalkingDemo] [Information] SkyApm.Service.ServiceDiscoveryV5Service : Loaded instrument service [SkyApm.Service.ServiceDiscoveryV5Service].
2021-06-25 23:50:20.179 +08:00 [SkyWalkingDemo] [Information] SkyApm.Service.SegmentReportService : Loaded instrument service [SkyApm.Service.SegmentReportService].
2021-06-25 23:50:20.179 +08:00 [SkyWalkingDemo] [Information] SkyApm.Service.CLRStatsService : Loaded instrument service [SkyApm.Service.CLRStatsService].
2021-06-25 23:50:20.179 +08:00 [SkyWalkingDemo] [Information] SkyApm.Sampling.SimpleCountSamplingInterceptor : Loaded instrument service [SkyApm.Sampling.SimpleCountSamplingInterceptor].
2021-06-25 23:50:20.179 +08:00 [SkyWalkingDemo] [Information] SkyApm.Transport.Grpc.V6.ConnectService : Loaded instrument service [SkyApm.Transport.Grpc.V6.ConnectService].
2021-06-25 23:50:20.236 +08:00 [SkyWalkingDemo] [Information] SkyApm.Diagnostics.TracingDiagnosticProcessorObserver : Loaded diagnostic listener [Microsoft.AspNetCore].
2021-06-25 23:50:20.236 +08:00 [SkyWalkingDemo] [Information] SkyApm.InstrumentStartup : Started SkyAPM .NET Core Agent.
2021-06-25 23:50:20.365 +08:00 [SkyWalkingDemo] [Information] SkyApm.Transport.Grpc.ConnectionManager : Connected server[8.142.71.127:11800].
2021-06-25 23:50:20.866 +08:00 [SkyWalkingDemo] [Information] SkyApm.Service.RegisterService : Registered Service[Id=2].
2021-06-25 23:50:21.494 +08:00 [SkyWalkingDemo] [Information] SkyApm.Service.RegisterService : Registered ServiceInstance[Id=4].
2021-06-25 23:50:26.419 +08:00 [SkyWalkingDemo] [Debug] SkyApm.Transport.AsyncQueueSegmentDispatcher : Dispatch trace segment. [SegmentId]=4.21.16246362263980002.
2021-06-25 23:50:27.988 +08:00 [SkyWalkingDemo] [Debug] SkyApm.Transport.AsyncQueueSegmentDispatcher : Dispatch trace segment. [SegmentId]=4.21.16246362279700004.
2021-06-25 23:50:28.560 +08:00 [SkyWalkingDemo] [Debug] SkyApm.Transport.AsyncQueueSegmentDispatcher : Dispatch trace segment. [SegmentId]=4.25.16246362285450002.
2021-06-25 23:50:29.085 +08:00 [SkyWalkingDemo] [Debug] SkyApm.Transport.AsyncQueueSegmentDispatcher : Dispatch trace segment. [SegmentId]=4.21.16246362290700006.
2021-06-25 23:50:29.288 +08:00 [SkyWalkingDemo] [Information] SkyApm.Transport.Grpc.V6.SegmentReporter : Report 4 trace segment. cost: 00:00:00.0965432s
2021-06-25 23:50:50.237 +08:00 [SkyWalkingDemo] [Information] SkyApm.Service.PingService : Ping server @2021/6/25 15:50:50 +00:00
2021-06-25 23:50:50.281 +08:00 [SkyWalkingDemo] [Information] SkyApm.Service.CLRStatsService : Report CLR Stats. CPU UsagePercent 0 GenCollectCount 0 0 0 9M ThreadPool 32765 32767 1000 1000
2021-06-25 23:51:20.238 +08:00 [SkyWalkingDemo] [Information] SkyApm.Service.CLRStatsService : Report CLR Stats. CPU UsagePercent 0 GenCollectCount 0 0 0 9M ThreadPool 32764 32767 1000 1000
2021-06-25 23:51:50.245 +08:00 [SkyWalkingDemo] [Information] SkyApm.Service.PingService : Ping server @2021/6/25 15:51:50 +00:00
2021-06-25 23:51:50.281 +08:00 [SkyWalkingDemo] [Information] SkyApm.Service.CLRStatsService : Report CLR Stats. CPU UsagePercent 0 GenCollectCount 0 0 0 9M ThreadPool 32761 32767 1000 1000
2021-06-25 23:59:19.187 +08:00 [SkyWalkingDemo] [Information] SkyApm.InstrumentStartup : Initializing ...
2021-06-25 23:59:19.222 +08:00 [SkyWalkingDemo] [Information] SkyApm.Service.RegisterService : Loaded instrument service [SkyApm.Service.RegisterService].
2021-06-25 23:59:19.231 +08:00 [SkyWalkingDemo] [Information] SkyApm.Service.PingService : Loaded instrument service [SkyApm.Service.PingService].
2021-06-25 23:59:19.231 +08:00 [SkyWalkingDemo] [Information] SkyApm.Service.ServiceDiscoveryV5Service : Loaded instrument service [SkyApm.Service.ServiceDiscoveryV5Service].
2021-06-25 23:59:19.231 +08:00 [SkyWalkingDemo] [Information] SkyApm.Service.SegmentReportService : Loaded instrument service [SkyApm.Service.SegmentReportService].
2021-06-25 23:59:19.231 +08:00 [SkyWalkingDemo] [Information] SkyApm.Service.CLRStatsService : Loaded instrument service [SkyApm.Service.CLRStatsService].
2021-06-25 23:59:19.231 +08:00 [SkyWalkingDemo] [Information] SkyApm.Sampling.SimpleCountSamplingInterceptor : Loaded instrument service [SkyApm.Sampling.SimpleCountSamplingInterceptor].
2021-06-25 23:59:19.231 +08:00 [SkyWalkingDemo] [Information] SkyApm.Transport.Grpc.V6.ConnectService : Loaded instrument service [SkyApm.Transport.Grpc.V6.ConnectService].
2021-06-25 23:59:19.285 +08:00 [SkyWalkingDemo] [Information] SkyApm.Diagnostics.TracingDiagnosticProcessorObserver : Loaded diagnostic listener [Microsoft.AspNetCore].
2021-06-25 23:59:19.285 +08:00 [SkyWalkingDemo] [Information] SkyApm.InstrumentStartup : Started SkyAPM .NET Core Agent.
2021-06-25 23:59:19.407 +08:00 [SkyWalkingDemo] [Information] SkyApm.Transport.Grpc.ConnectionManager : Connected server[8.142.71.127:11800].
2021-06-25 23:59:19.871 +08:00 [SkyWalkingDemo] [Information] SkyApm.Service.RegisterService : Registered Service[Id=2].
2021-06-25 23:59:20.504 +08:00 [SkyWalkingDemo] [Information] SkyApm.Service.RegisterService : Registered ServiceInstance[Id=5].
2021-06-25 23:59:40.823 +08:00 [SkyWalkingDemo] [Debug] SkyApm.Transport.AsyncQueueSegmentDispatcher : Dispatch trace segment. [SegmentId]=5.21.16246367807810004.
2021-06-25 23:59:43.335 +08:00 [SkyWalkingDemo] [Information] SkyApm.Transport.Grpc.V6.SegmentReporter : Report 1 trace segment. cost: 00:00:00.0997252s
2021-06-25 23:59:49.303 +08:00 [SkyWalkingDemo] [Information] SkyApm.Service.PingService : Ping server @2021/6/25 15:59:49 +00:00
2021-06-25 23:59:49.349 +08:00 [SkyWalkingDemo] [Information] SkyApm.Service.CLRStatsService : Report CLR Stats. CPU UsagePercent 0 GenCollectCount 0 0 0 8M ThreadPool 32763 32767 1000 1000
