2021-06-26 00:03:37.971 +08:00 [SkyWalkingDemo2] [Information] SkyApm.InstrumentStartup : Initializing ...
2021-06-26 00:03:38.025 +08:00 [SkyWalkingDemo2] [Information] SkyApm.Service.RegisterService : Loaded instrument service [SkyApm.Service.RegisterService].
2021-06-26 00:03:38.025 +08:00 [SkyWalkingDemo2] [Information] SkyApm.Service.PingService : Loaded instrument service [SkyApm.Service.PingService].
2021-06-26 00:03:38.025 +08:00 [SkyWalkingDemo2] [Information] SkyApm.Service.ServiceDiscoveryV5Service : Loaded instrument service [SkyApm.Service.ServiceDiscoveryV5Service].
2021-06-26 00:03:38.025 +08:00 [SkyWalkingDemo2] [Information] SkyApm.Service.SegmentReportService : Loaded instrument service [SkyApm.Service.SegmentReportService].
2021-06-26 00:03:38.048 +08:00 [SkyWalkingDemo2] [Information] SkyApm.Service.CLRStatsService : Loaded instrument service [SkyApm.Service.CLRStatsService].
2021-06-26 00:03:38.048 +08:00 [SkyWalkingDemo2] [Information] SkyApm.Sampling.SimpleCountSamplingInterceptor : Loaded instrument service [SkyApm.Sampling.SimpleCountSamplingInterceptor].
2021-06-26 00:03:38.048 +08:00 [SkyWalkingDemo2] [Information] SkyApm.Transport.Grpc.V6.ConnectService : Loaded instrument service [SkyApm.Transport.Grpc.V6.ConnectService].
2021-06-26 00:03:38.085 +08:00 [SkyWalkingDemo2] [Information] SkyApm.Diagnostics.TracingDiagnosticProcessorObserver : Loaded diagnostic listener [Microsoft.AspNetCore].
2021-06-26 00:03:38.085 +08:00 [SkyWalkingDemo2] [Information] SkyApm.InstrumentStartup : Started SkyAPM .NET Core Agent.
2021-06-26 00:03:38.284 +08:00 [SkyWalkingDemo2] [Information] SkyApm.Transport.Grpc.ConnectionManager : Connected server[8.142.71.127:11800].
2021-06-26 00:03:39.222 +08:00 [SkyWalkingDemo2] [Information] SkyApm.Service.RegisterService : Registered Service[Id=4].
2021-06-26 00:03:39.858 +08:00 [SkyWalkingDemo2] [Information] SkyApm.Service.RegisterService : Registered ServiceInstance[Id=6].
2021-06-26 00:03:45.907 +08:00 [SkyWalkingDemo2] [Information] SkyApm.Diagnostics.TracingDiagnosticProcessorObserver : Loaded diagnostic listener [HttpHandlerDiagnosticListener].
2021-06-26 00:03:46.111 +08:00 [SkyWalkingDemo2] [Debug] SkyApm.Transport.AsyncQueueSegmentDispatcher : Dispatch trace segment. [SegmentId]=6.23.16246370259420003.
2021-06-26 00:03:46.173 +08:00 [SkyWalkingDemo2] [Debug] SkyApm.Transport.AsyncQueueSegmentDispatcher : Dispatch trace segment. [SegmentId]=6.5.16246370261390001.
2021-06-26 00:03:46.182 +08:00 [SkyWalkingDemo2] [Debug] SkyApm.Transport.AsyncQueueSegmentDispatcher : Dispatch trace segment. [SegmentId]=6.23.16246370257950002.
2021-06-26 00:03:47.159 +08:00 [SkyWalkingDemo2] [Information] SkyApm.Transport.Grpc.V6.SegmentReporter : Report 3 trace segment. cost: 00:00:00.1242683s
2021-06-26 00:04:08.095 +08:00 [SkyWalkingDemo2] [Information] SkyApm.Service.PingService : Ping server @2021/6/25 16:04:08 +00:00
2021-06-26 00:04:08.143 +08:00 [SkyWalkingDemo2] [Information] SkyApm.Service.CLRStatsService : Report CLR Stats. CPU UsagePercent 0 GenCollectCount 0 0 0 8M ThreadPool 32765 32767 1000 1000
2021-06-26 00:04:38.117 +08:00 [SkyWalkingDemo2] [Information] SkyApm.Service.CLRStatsService : Report CLR Stats. CPU UsagePercent 0 GenCollectCount 0 0 0 8M ThreadPool 32762 32767 1000 1000
2021-06-26 00:05:21.332 +08:00 [SkyWalkingDemo2] [Information] SkyApm.InstrumentStartup : Initializing ...
2021-06-26 00:05:21.368 +08:00 [SkyWalkingDemo2] [Information] SkyApm.Service.RegisterService : Loaded instrument service [SkyApm.Service.RegisterService].
2021-06-26 00:05:21.376 +08:00 [SkyWalkingDemo2] [Information] SkyApm.Service.PingService : Loaded instrument service [SkyApm.Service.PingService].
2021-06-26 00:05:21.376 +08:00 [SkyWalkingDemo2] [Information] SkyApm.Service.ServiceDiscoveryV5Service : Loaded instrument service [SkyApm.Service.ServiceDiscoveryV5Service].
2021-06-26 00:05:21.376 +08:00 [SkyWalkingDemo2] [Information] SkyApm.Service.SegmentReportService : Loaded instrument service [SkyApm.Service.SegmentReportService].
2021-06-26 00:05:21.376 +08:00 [SkyWalkingDemo2] [Information] SkyApm.Service.CLRStatsService : Loaded instrument service [SkyApm.Service.CLRStatsService].
2021-06-26 00:05:21.377 +08:00 [SkyWalkingDemo2] [Information] SkyApm.Sampling.SimpleCountSamplingInterceptor : Loaded instrument service [SkyApm.Sampling.SimpleCountSamplingInterceptor].
2021-06-26 00:05:21.377 +08:00 [SkyWalkingDemo2] [Information] SkyApm.Transport.Grpc.V6.ConnectService : Loaded instrument service [SkyApm.Transport.Grpc.V6.ConnectService].
2021-06-26 00:05:21.426 +08:00 [SkyWalkingDemo2] [Information] SkyApm.Diagnostics.TracingDiagnosticProcessorObserver : Loaded diagnostic listener [Microsoft.AspNetCore].
2021-06-26 00:05:21.427 +08:00 [SkyWalkingDemo2] [Information] SkyApm.InstrumentStartup : Started SkyAPM .NET Core Agent.
2021-06-26 00:05:21.584 +08:00 [SkyWalkingDemo2] [Information] SkyApm.Transport.Grpc.ConnectionManager : Connected server[8.142.71.127:11800].
2021-06-26 00:05:22.013 +08:00 [SkyWalkingDemo2] [Information] SkyApm.Service.RegisterService : Registered Service[Id=4].
2021-06-26 00:05:22.641 +08:00 [SkyWalkingDemo2] [Information] SkyApm.Service.RegisterService : Registered ServiceInstance[Id=9].
2021-06-26 00:05:33.402 +08:00 [SkyWalkingDemo2] [Information] SkyApm.Diagnostics.TracingDiagnosticProcessorObserver : Loaded diagnostic listener [HttpHandlerDiagnosticListener].
2021-06-26 00:05:34.174 +08:00 [SkyWalkingDemo2] [Debug] SkyApm.Transport.AsyncQueueSegmentDispatcher : Dispatch trace segment. [SegmentId]=9.6.16246371339880005.
2021-06-26 00:05:36.875 +08:00 [SkyWalkingDemo2] [Debug] SkyApm.Transport.AsyncQueueSegmentDispatcher : Dispatch trace segment. [SegmentId]=9.19.16246371368290001.
2021-06-26 00:05:39.885 +08:00 [SkyWalkingDemo2] [Debug] SkyApm.Transport.AsyncQueueSegmentDispatcher : Dispatch trace segment. [SegmentId]=9.6.16246371265260004.
2021-06-26 00:05:39.975 +08:00 [SkyWalkingDemo2] [Information] SkyApm.Transport.Grpc.V6.SegmentReporter : Report 1 trace segment. cost: 00:00:03.1151343s
2021-06-26 00:05:39.977 +08:00 [SkyWalkingDemo2] [Information] SkyApm.Transport.Grpc.V6.SegmentReporter : Report 1 trace segment. cost: 00:00:00.1009802s
2021-06-26 00:05:41.964 +08:00 [SkyWalkingDemo2] [Information] SkyApm.Transport.Grpc.V6.SegmentReporter : Report 1 trace segment. cost: 00:00:00.0949391s
2021-06-26 00:05:51.439 +08:00 [SkyWalkingDemo2] [Information] SkyApm.Service.PingService : Ping server @2021/6/25 16:05:51 +00:00
2021-06-26 00:05:51.484 +08:00 [SkyWalkingDemo2] [Information] SkyApm.Service.CLRStatsService : Report CLR Stats. CPU UsagePercent 0 GenCollectCount 0 0 0 7M ThreadPool 32764 32767 1000 1000
2021-06-26 00:06:21.433 +08:00 [SkyWalkingDemo2] [Information] SkyApm.Service.CLRStatsService : Report CLR Stats. CPU UsagePercent 0 GenCollectCount 0 0 0 8M ThreadPool 32763 32767 1000 1000
2021-06-26 00:06:51.437 +08:00 [SkyWalkingDemo2] [Information] SkyApm.Service.PingService : Ping server @2021/6/25 16:06:51 +00:00
2021-06-26 00:06:51.482 +08:00 [SkyWalkingDemo2] [Information] SkyApm.Service.CLRStatsService : Report CLR Stats. CPU UsagePercent 0 GenCollectCount 0 0 0 8M ThreadPool 32762 32767 1000 1000
2021-06-26 00:07:21.441 +08:00 [SkyWalkingDemo2] [Information] SkyApm.Service.CLRStatsService : Report CLR Stats. CPU UsagePercent 0 GenCollectCount 0 0 0 8M ThreadPool 32760 32767 1000 1000
2021-06-26 00:07:51.439 +08:00 [SkyWalkingDemo2] [Information] SkyApm.Service.CLRStatsService : Report CLR Stats. CPU UsagePercent 0 GenCollectCount 0 0 0 9M ThreadPool 32759 32767 1000 1000
2021-06-26 00:07:51.492 +08:00 [SkyWalkingDemo2] [Information] SkyApm.Service.PingService : Ping server @2021/6/25 16:07:51 +00:00
2021-06-26 00:08:21.434 +08:00 [SkyWalkingDemo2] [Information] SkyApm.Service.CLRStatsService : Report CLR Stats. CPU UsagePercent 0 GenCollectCount 0 0 0 9M ThreadPool 32763 32767 1000 1000
2021-06-26 00:08:51.434 +08:00 [SkyWalkingDemo2] [Information] SkyApm.Service.PingService : Ping server @2021/6/25 16:08:51 +00:00
2021-06-26 00:08:51.479 +08:00 [SkyWalkingDemo2] [Information] SkyApm.Service.CLRStatsService : Report CLR Stats. CPU UsagePercent 0 GenCollectCount 0 0 0 9M ThreadPool 32760 32767 1000 1000
2021-06-26 00:09:21.435 +08:00 [SkyWalkingDemo2] [Information] SkyApm.Service.CLRStatsService : Report CLR Stats. CPU UsagePercent 0 GenCollectCount 0 0 0 9M ThreadPool 32762 32767 1000 1000
2021-06-26 00:09:51.434 +08:00 [SkyWalkingDemo2] [Information] SkyApm.Service.PingService : Ping server @2021/6/25 16:09:51 +00:00
2021-06-26 00:09:51.481 +08:00 [SkyWalkingDemo2] [Information] SkyApm.Service.CLRStatsService : Report CLR Stats. CPU UsagePercent 0 GenCollectCount 0 0 0 10M ThreadPool 32761 32767 1000 1000
2021-06-26 00:10:12.203 +08:00 [SkyWalkingDemo2] [Debug] SkyApm.Transport.AsyncQueueSegmentDispatcher : Dispatch trace segment. [SegmentId]=9.36.16246374121360003.
2021-06-26 00:10:12.261 +08:00 [SkyWalkingDemo2] [Debug] SkyApm.Transport.AsyncQueueSegmentDispatcher : Dispatch trace segment. [SegmentId]=9.39.16246374122260001.
2021-06-26 00:10:12.261 +08:00 [SkyWalkingDemo2] [Debug] SkyApm.Transport.AsyncQueueSegmentDispatcher : Dispatch trace segment. [SegmentId]=9.36.16246374121040002.
2021-06-26 00:10:14.968 +08:00 [SkyWalkingDemo2] [Information] SkyApm.Transport.Grpc.V6.SegmentReporter : Report 3 trace segment. cost: 00:00:00.0951759s
2021-06-26 00:10:17.144 +08:00 [SkyWalkingDemo2] [Debug] SkyApm.Transport.AsyncQueueSegmentDispatcher : Dispatch trace segment. [SegmentId]=9.27.16246374170980003.
2021-06-26 00:10:17.197 +08:00 [SkyWalkingDemo2] [Debug] SkyApm.Transport.AsyncQueueSegmentDispatcher : Dispatch trace segment. [SegmentId]=9.40.16246374171650001.
2021-06-26 00:10:17.198 +08:00 [SkyWalkingDemo2] [Debug] SkyApm.Transport.AsyncQueueSegmentDispatcher : Dispatch trace segment. [SegmentId]=9.27.16246374170660002.
2021-06-26 00:10:17.966 +08:00 [SkyWalkingDemo2] [Information] SkyApm.Transport.Grpc.V6.SegmentReporter : Report 3 trace segment. cost: 00:00:00.0956278s
2021-06-26 00:10:21.456 +08:00 [SkyWalkingDemo2] [Information] SkyApm.Service.CLRStatsService : Report CLR Stats. CPU UsagePercent 0 GenCollectCount 0 0 0 10M ThreadPool 32763 32767 1000 1000
2021-06-26 00:10:51.443 +08:00 [SkyWalkingDemo2] [Information] SkyApm.Service.PingService : Ping server @2021/6/25 16:10:51 +00:00
2021-06-26 00:10:51.539 +08:00 [SkyWalkingDemo2] [Information] SkyApm.Service.CLRStatsService : Report CLR Stats. CPU UsagePercent 0.015625 GenCollectCount 0 0 0 11M ThreadPool 32757 32767 1000 1000
2021-06-26 00:11:21.435 +08:00 [SkyWalkingDemo2] [Information] SkyApm.Service.CLRStatsService : Report CLR Stats. CPU UsagePercent 0.015625 GenCollectCount 0 0 0 11M ThreadPool 32764 32767 1000 1000
2021-06-26 00:11:51.445 +08:00 [SkyWalkingDemo2] [Information] SkyApm.Service.PingService : Ping server @2021/6/25 16:11:51 +00:00
2021-06-26 00:11:51.484 +08:00 [SkyWalkingDemo2] [Information] SkyApm.Service.CLRStatsService : Report CLR Stats. CPU UsagePercent 0.015625 GenCollectCount 0 0 0 11M ThreadPool 32760 32767 1000 1000
2021-06-26 00:12:21.439 +08:00 [SkyWalkingDemo2] [Information] SkyApm.Service.CLRStatsService : Report CLR Stats. CPU UsagePercent 0 GenCollectCount 0 0 0 11M ThreadPool 32762 32767 1000 1000
2021-06-26 00:12:51.435 +08:00 [SkyWalkingDemo2] [Information] SkyApm.Service.PingService : Ping server @2021/6/25 16:12:51 +00:00
2021-06-26 00:12:51.475 +08:00 [SkyWalkingDemo2] [Information] SkyApm.Service.CLRStatsService : Report CLR Stats. CPU UsagePercent 0 GenCollectCount 0 0 0 12M ThreadPool 32762 32767 1000 1000
2021-06-26 00:13:16.479 +08:00 [SkyWalkingDemo2] [Debug] SkyApm.Transport.AsyncQueueSegmentDispatcher : Dispatch trace segment. [SegmentId]=9.46.16246375964500002.
2021-06-26 00:13:17.968 +08:00 [SkyWalkingDemo2] [Information] SkyApm.Transport.Grpc.V6.SegmentReporter : Report 1 trace segment. cost: 00:00:00.0956686s
2021-06-26 00:13:21.437 +08:00 [SkyWalkingDemo2] [Information] SkyApm.Service.CLRStatsService : Report CLR Stats. CPU UsagePercent 0 GenCollectCount 0 0 0 12M ThreadPool 32761 32767 1000 1000
2021-06-26 00:13:47.860 +08:00 [SkyWalkingDemo2] [Debug] SkyApm.Transport.AsyncQueueSegmentDispatcher : Dispatch trace segment. [SegmentId]=9.54.16246376278460002.
2021-06-26 00:13:47.968 +08:00 [SkyWalkingDemo2] [Information] SkyApm.Transport.Grpc.V6.SegmentReporter : Report 1 trace segment. cost: 00:00:00.0974259s
2021-06-26 00:13:49.378 +08:00 [SkyWalkingDemo2] [Debug] SkyApm.Transport.AsyncQueueSegmentDispatcher : Dispatch trace segment. [SegmentId]=9.5.16246376293610002.
2021-06-26 00:13:49.573 +08:00 [SkyWalkingDemo2] [Debug] SkyApm.Transport.AsyncQueueSegmentDispatcher : Dispatch trace segment. [SegmentId]=9.5.16246376295570004.
2021-06-26 00:13:50.983 +08:00 [SkyWalkingDemo2] [Information] SkyApm.Transport.Grpc.V6.SegmentReporter : Report 2 trace segment. cost: 00:00:00.1056332s
2021-06-26 00:13:51.438 +08:00 [SkyWalkingDemo2] [Information] SkyApm.Service.CLRStatsService : Report CLR Stats. CPU UsagePercent 0.03125 GenCollectCount 0 0 0 13M ThreadPool 32758 32767 1000 1000
2021-06-26 00:13:51.485 +08:00 [SkyWalkingDemo2] [Information] SkyApm.Service.PingService : Ping server @2021/6/25 16:13:51 +00:00
2021-06-26 00:14:21.445 +08:00 [SkyWalkingDemo2] [Information] SkyApm.Service.CLRStatsService : Report CLR Stats. CPU UsagePercent 0 GenCollectCount 0 0 0 13M ThreadPool 32764 32767 1000 1000
2021-06-26 00:14:51.435 +08:00 [SkyWalkingDemo2] [Information] SkyApm.Service.PingService : Ping server @2021/6/25 16:14:51 +00:00
2021-06-26 00:14:51.482 +08:00 [SkyWalkingDemo2] [Information] SkyApm.Service.CLRStatsService : Report CLR Stats. CPU UsagePercent 0 GenCollectCount 0 0 0 13M ThreadPool 32760 32767 1000 1000
2021-06-26 00:15:21.438 +08:00 [SkyWalkingDemo2] [Information] SkyApm.Service.CLRStatsService : Report CLR Stats. CPU UsagePercent 0 GenCollectCount 0 0 0 13M ThreadPool 32760 32767 1000 1000
2021-06-26 00:15:51.436 +08:00 [SkyWalkingDemo2] [Information] SkyApm.Service.PingService : Ping server @2021/6/25 16:15:51 +00:00
2021-06-26 00:15:51.482 +08:00 [SkyWalkingDemo2] [Information] SkyApm.Service.CLRStatsService : Report CLR Stats. CPU UsagePercent 0 GenCollectCount 0 0 0 14M ThreadPool 32760 32767 1000 1000
2021-06-26 00:16:21.436 +08:00 [SkyWalkingDemo2] [Information] SkyApm.Service.CLRStatsService : Report CLR Stats. CPU UsagePercent 0 GenCollectCount 0 0 0 14M ThreadPool 32763 32767 1000 1000
2021-06-26 00:16:51.445 +08:00 [SkyWalkingDemo2] [Information] SkyApm.Service.PingService : Ping server @2021/6/25 16:16:51 +00:00
2021-06-26 00:16:51.488 +08:00 [SkyWalkingDemo2] [Information] SkyApm.Service.CLRStatsService : Report CLR Stats. CPU UsagePercent 0 GenCollectCount 0 0 0 14M ThreadPool 32762 32767 1000 1000
2021-06-26 00:17:21.441 +08:00 [SkyWalkingDemo2] [Information] SkyApm.Service.CLRStatsService : Report CLR Stats. CPU UsagePercent 0 GenCollectCount 0 0 0 14M ThreadPool 32763 32767 1000 1000
2021-06-26 00:17:51.453 +08:00 [SkyWalkingDemo2] [Information] SkyApm.Service.CLRStatsService : Report CLR Stats. CPU UsagePercent 0 GenCollectCount 0 0 0 15M ThreadPool 32760 32767 1000 1000
2021-06-26 00:17:51.489 +08:00 [SkyWalkingDemo2] [Information] SkyApm.Service.PingService : Ping server @2021/6/25 16:17:51 +00:00
2021-06-26 00:18:21.438 +08:00 [SkyWalkingDemo2] [Information] SkyApm.Service.CLRStatsService : Report CLR Stats. CPU UsagePercent 0 GenCollectCount 0 0 0 15M ThreadPool 32761 32767 1000 1000
2021-06-26 00:18:51.447 +08:00 [SkyWalkingDemo2] [Information] SkyApm.Service.CLRStatsService : Report CLR Stats. CPU UsagePercent 0 GenCollectCount 0 0 0 15M ThreadPool 32759 32767 1000 1000
2021-06-26 00:18:51.486 +08:00 [SkyWalkingDemo2] [Information] SkyApm.Service.PingService : Ping server @2021/6/25 16:18:51 +00:00
2021-06-26 00:19:21.444 +08:00 [SkyWalkingDemo2] [Information] SkyApm.Service.CLRStatsService : Report CLR Stats. CPU UsagePercent 0 GenCollectCount 0 0 0 16M ThreadPool 32766 32767 1000 1000
2021-06-26 00:19:51.448 +08:00 [SkyWalkingDemo2] [Information] SkyApm.Service.PingService : Ping server @2021/6/25 16:19:51 +00:00
2021-06-26 00:19:51.484 +08:00 [SkyWalkingDemo2] [Information] SkyApm.Service.CLRStatsService : Report CLR Stats. CPU UsagePercent 0 GenCollectCount 0 0 0 16M ThreadPool 32761 32767 1000 1000
2021-06-26 00:20:21.446 +08:00 [SkyWalkingDemo2] [Information] SkyApm.Service.CLRStatsService : Report CLR Stats. CPU UsagePercent 0 GenCollectCount 0 0 0 16M ThreadPool 32760 32767 1000 1000
2021-06-26 00:20:51.444 +08:00 [SkyWalkingDemo2] [Information] SkyApm.Service.PingService : Ping server @2021/6/25 16:20:51 +00:00
2021-06-26 00:20:51.490 +08:00 [SkyWalkingDemo2] [Information] SkyApm.Service.CLRStatsService : Report CLR Stats. CPU UsagePercent 0 GenCollectCount 0 0 0 16M ThreadPool 32759 32767 1000 1000
2021-06-26 00:21:21.440 +08:00 [SkyWalkingDemo2] [Information] SkyApm.Service.CLRStatsService : Report CLR Stats. CPU UsagePercent 0 GenCollectCount 0 0 0 17M ThreadPool 32764 32767 1000 1000
2021-06-26 00:21:51.439 +08:00 [SkyWalkingDemo2] [Information] SkyApm.Service.CLRStatsService : Report CLR Stats. CPU UsagePercent 0 GenCollectCount 0 0 0 17M ThreadPool 32759 32767 1000 1000
2021-06-26 00:21:51.486 +08:00 [SkyWalkingDemo2] [Information] SkyApm.Service.PingService : Ping server @2021/6/25 16:21:51 +00:00
2021-06-26 00:22:21.442 +08:00 [SkyWalkingDemo2] [Information] SkyApm.Service.CLRStatsService : Report CLR Stats. CPU UsagePercent 0 GenCollectCount 0 0 0 17M ThreadPool 32761 32767 1000 1000
2021-06-26 00:22:51.449 +08:00 [SkyWalkingDemo2] [Information] SkyApm.Service.PingService : Ping server @2021/6/25 16:22:51 +00:00
2021-06-26 00:22:51.487 +08:00 [SkyWalkingDemo2] [Information] SkyApm.Service.CLRStatsService : Report CLR Stats. CPU UsagePercent 0 GenCollectCount 0 0 0 17M ThreadPool 32761 32767 1000 1000
2021-06-26 00:23:21.445 +08:00 [SkyWalkingDemo2] [Information] SkyApm.Service.CLRStatsService : Report CLR Stats. CPU UsagePercent 0 GenCollectCount 0 0 0 18M ThreadPool 32762 32767 1000 1000
2021-06-26 00:23:51.490 +08:00 [SkyWalkingDemo2] [Information] SkyApm.Service.CLRStatsService : Report CLR Stats. CPU UsagePercent 0 GenCollectCount 0 0 0 18M ThreadPool 32760 32767 1000 1000
2021-06-26 00:23:51.490 +08:00 [SkyWalkingDemo2] [Information] SkyApm.Service.PingService : Ping server @2021/6/25 16:23:51 +00:00
2021-06-26 00:24:21.441 +08:00 [SkyWalkingDemo2] [Information] SkyApm.Service.CLRStatsService : Report CLR Stats. CPU UsagePercent 0 GenCollectCount 0 0 0 18M ThreadPool 32761 32767 1000 1000
2021-06-26 00:24:51.431 +08:00 [SkyWalkingDemo2] [Information] SkyApm.Service.PingService : Ping server @2021/6/25 16:24:51 +00:00
2021-06-26 00:24:51.478 +08:00 [SkyWalkingDemo2] [Information] SkyApm.Service.CLRStatsService : Report CLR Stats. CPU UsagePercent 0 GenCollectCount 0 0 0 19M ThreadPool 32763 32767 1000 1000
2021-06-26 00:25:21.451 +08:00 [SkyWalkingDemo2] [Information] SkyApm.Service.CLRStatsService : Report CLR Stats. CPU UsagePercent 0 GenCollectCount 0 0 0 19M ThreadPool 32762 32767 1000 1000
2021-06-26 00:25:51.449 +08:00 [SkyWalkingDemo2] [Information] SkyApm.Service.CLRStatsService : Report CLR Stats. CPU UsagePercent 0 GenCollectCount 0 0 0 19M ThreadPool 32760 32767 1000 1000
2021-06-26 00:25:51.485 +08:00 [SkyWalkingDemo2] [Information] SkyApm.Service.PingService : Ping server @2021/6/25 16:25:51 +00:00
2021-06-26 00:26:21.452 +08:00 [SkyWalkingDemo2] [Information] SkyApm.Service.CLRStatsService : Report CLR Stats. CPU UsagePercent 0 GenCollectCount 0 0 0 19M ThreadPool 32762 32767 1000 1000
2021-06-26 00:26:51.435 +08:00 [SkyWalkingDemo2] [Information] SkyApm.Service.PingService : Ping server @2021/6/25 16:26:51 +00:00
2021-06-26 00:26:51.482 +08:00 [SkyWalkingDemo2] [Information] SkyApm.Service.CLRStatsService : Report CLR Stats. CPU UsagePercent 0 GenCollectCount 0 0 0 20M ThreadPool 32762 32767 1000 1000
2021-06-26 00:27:21.451 +08:00 [SkyWalkingDemo2] [Information] SkyApm.Service.CLRStatsService : Report CLR Stats. CPU UsagePercent 0 GenCollectCount 0 0 0 20M ThreadPool 32761 32767 1000 1000
2021-06-26 00:27:51.452 +08:00 [SkyWalkingDemo2] [Information] SkyApm.Service.CLRStatsService : Report CLR Stats. CPU UsagePercent 0 GenCollectCount 0 0 0 20M ThreadPool 32760 32767 1000 1000
2021-06-26 00:27:51.489 +08:00 [SkyWalkingDemo2] [Information] SkyApm.Service.PingService : Ping server @2021/6/25 16:27:51 +00:00
2021-06-26 00:28:21.440 +08:00 [SkyWalkingDemo2] [Information] SkyApm.Service.CLRStatsService : Report CLR Stats. CPU UsagePercent 0 GenCollectCount 0 0 0 20M ThreadPool 32762 32767 1000 1000
2021-06-26 00:28:51.451 +08:00 [SkyWalkingDemo2] [Information] SkyApm.Service.CLRStatsService : Report CLR Stats. CPU UsagePercent 0 GenCollectCount 0 0 0 21M ThreadPool 32762 32767 1000 1000
2021-06-26 00:28:51.488 +08:00 [SkyWalkingDemo2] [Information] SkyApm.Service.PingService : Ping server @2021/6/25 16:28:51 +00:00
2021-06-26 00:29:21.443 +08:00 [SkyWalkingDemo2] [Information] SkyApm.Service.CLRStatsService : Report CLR Stats. CPU UsagePercent 0.015625 GenCollectCount 0 0 0 21M ThreadPool 32760 32767 1000 1000
2021-06-26 00:29:51.451 +08:00 [SkyWalkingDemo2] [Information] SkyApm.Service.CLRStatsService : Report CLR Stats. CPU UsagePercent 0 GenCollectCount 0 0 0 21M ThreadPool 32759 32767 1000 1000
2021-06-26 00:29:51.504 +08:00 [SkyWalkingDemo2] [Information] SkyApm.Service.PingService : Ping server @2021/6/25 16:29:51 +00:00
2021-06-26 00:30:21.443 +08:00 [SkyWalkingDemo2] [Information] SkyApm.Service.CLRStatsService : Report CLR Stats. CPU UsagePercent 0 GenCollectCount 0 0 0 22M ThreadPool 32764 32767 1000 1000
2021-06-26 00:30:51.453 +08:00 [SkyWalkingDemo2] [Information] SkyApm.Service.CLRStatsService : Report CLR Stats. CPU UsagePercent 0 GenCollectCount 0 0 0 22M ThreadPool 32760 32767 1000 1000
2021-06-26 00:30:51.488 +08:00 [SkyWalkingDemo2] [Information] SkyApm.Service.PingService : Ping server @2021/6/25 16:30:51 +00:00
2021-06-26 00:31:21.449 +08:00 [SkyWalkingDemo2] [Information] SkyApm.Service.CLRStatsService : Report CLR Stats. CPU UsagePercent 0 GenCollectCount 0 0 0 22M ThreadPool 32760 32767 1000 1000
2021-06-26 00:31:51.449 +08:00 [SkyWalkingDemo2] [Information] SkyApm.Service.PingService : Ping server @2021/6/25 16:31:51 +00:00
2021-06-26 00:31:51.493 +08:00 [SkyWalkingDemo2] [Information] SkyApm.Service.CLRStatsService : Report CLR Stats. CPU UsagePercent 0 GenCollectCount 0 0 0 22M ThreadPool 32761 32767 1000 1000
2021-06-26 00:32:21.454 +08:00 [SkyWalkingDemo2] [Information] SkyApm.Service.CLRStatsService : Report CLR Stats. CPU UsagePercent 0 GenCollectCount 0 0 0 23M ThreadPool 32763 32767 1000 1000
2021-06-26 00:32:51.461 +08:00 [SkyWalkingDemo2] [Information] SkyApm.Service.PingService : Ping server @2021/6/25 16:32:51 +00:00
2021-06-26 00:32:51.498 +08:00 [SkyWalkingDemo2] [Information] SkyApm.Service.CLRStatsService : Report CLR Stats. CPU UsagePercent 0 GenCollectCount 0 0 0 23M ThreadPool 32762 32767 1000 1000
2021-06-26 00:33:21.443 +08:00 [SkyWalkingDemo2] [Information] SkyApm.Service.CLRStatsService : Report CLR Stats. CPU UsagePercent 0 GenCollectCount 0 0 0 23M ThreadPool 32763 32767 1000 1000
2021-06-26 00:33:51.449 +08:00 [SkyWalkingDemo2] [Information] SkyApm.Service.CLRStatsService : Report CLR Stats. CPU UsagePercent 0 GenCollectCount 0 0 0 23M ThreadPool 32757 32767 1000 1000
2021-06-26 00:33:51.497 +08:00 [SkyWalkingDemo2] [Information] SkyApm.Service.PingService : Ping server @2021/6/25 16:33:51 +00:00
2021-06-26 00:34:21.443 +08:00 [SkyWalkingDemo2] [Information] SkyApm.Service.CLRStatsService : Report CLR Stats. CPU UsagePercent 0 GenCollectCount 0 0 0 24M ThreadPool 32762 32767 1000 1000
2021-06-26 00:34:51.446 +08:00 [SkyWalkingDemo2] [Information] SkyApm.Service.PingService : Ping server @2021/6/25 16:34:51 +00:00
2021-06-26 00:34:51.500 +08:00 [SkyWalkingDemo2] [Information] SkyApm.Service.CLRStatsService : Report CLR Stats. CPU UsagePercent 0 GenCollectCount 0 0 0 24M ThreadPool 32758 32767 1000 1000
2021-06-26 00:35:21.444 +08:00 [SkyWalkingDemo2] [Information] SkyApm.Service.CLRStatsService : Report CLR Stats. CPU UsagePercent 0.015625 GenCollectCount 1 0 0 4M ThreadPool 32761 32767 1000 1000
2021-06-26 00:35:51.445 +08:00 [SkyWalkingDemo2] [Information] SkyApm.Service.PingService : Ping server @2021/6/25 16:35:51 +00:00
2021-06-26 00:35:51.500 +08:00 [SkyWalkingDemo2] [Information] SkyApm.Service.CLRStatsService : Report CLR Stats. CPU UsagePercent 0 GenCollectCount 0 0 0 4M ThreadPool 32759 32767 1000 1000
2021-06-26 00:36:21.446 +08:00 [SkyWalkingDemo2] [Information] SkyApm.Service.CLRStatsService : Report CLR Stats. CPU UsagePercent 0 GenCollectCount 0 0 0 4M ThreadPool 32763 32767 1000 1000
2021-06-26 00:36:51.456 +08:00 [SkyWalkingDemo2] [Information] SkyApm.Service.CLRStatsService : Report CLR Stats. CPU UsagePercent 0 GenCollectCount 0 0 0 4M ThreadPool 32759 32767 1000 1000
2021-06-26 00:36:51.490 +08:00 [SkyWalkingDemo2] [Information] SkyApm.Service.PingService : Ping server @2021/6/25 16:36:51 +00:00
2021-06-26 00:37:21.451 +08:00 [SkyWalkingDemo2] [Information] SkyApm.Service.CLRStatsService : Report CLR Stats. CPU UsagePercent 0 GenCollectCount 0 0 0 5M ThreadPool 32763 32767 1000 1000
2021-06-26 00:37:51.452 +08:00 [SkyWalkingDemo2] [Information] SkyApm.Service.PingService : Ping server @2021/6/25 16:37:51 +00:00
2021-06-26 00:37:51.499 +08:00 [SkyWalkingDemo2] [Information] SkyApm.Service.CLRStatsService : Report CLR Stats. CPU UsagePercent 0.015625 GenCollectCount 0 0 0 5M ThreadPool 32759 32767 1000 1000
2021-06-26 00:38:21.454 +08:00 [SkyWalkingDemo2] [Information] SkyApm.Service.CLRStatsService : Report CLR Stats. CPU UsagePercent 0 GenCollectCount 0 0 0 5M ThreadPool 32764 32767 1000 1000
2021-06-26 00:38:51.463 +08:00 [SkyWalkingDemo2] [Information] SkyApm.Service.PingService : Ping server @2021/6/25 16:38:51 +00:00
2021-06-26 00:38:51.463 +08:00 [SkyWalkingDemo2] [Information] SkyApm.Service.CLRStatsService : Report CLR Stats. CPU UsagePercent 0 GenCollectCount 0 0 0 6M ThreadPool 32757 32767 1000 1000
2021-06-26 00:39:21.445 +08:00 [SkyWalkingDemo2] [Information] SkyApm.Service.CLRStatsService : Report CLR Stats. CPU UsagePercent 0 GenCollectCount 0 0 0 6M ThreadPool 32764 32767 1000 1000
2021-06-26 00:39:51.452 +08:00 [SkyWalkingDemo2] [Information] SkyApm.Service.PingService : Ping server @2021/6/25 16:39:51 +00:00
2021-06-26 00:39:51.490 +08:00 [SkyWalkingDemo2] [Information] SkyApm.Service.CLRStatsService : Report CLR Stats. CPU UsagePercent 0 GenCollectCount 0 0 0 6M ThreadPool 32762 32767 1000 1000
2021-06-26 00:40:21.446 +08:00 [SkyWalkingDemo2] [Information] SkyApm.Service.CLRStatsService : Report CLR Stats. CPU UsagePercent 0.015625 GenCollectCount 0 0 0 6M ThreadPool 32761 32767 1000 1000
2021-06-26 00:40:51.462 +08:00 [SkyWalkingDemo2] [Information] SkyApm.Service.CLRStatsService : Report CLR Stats. CPU UsagePercent 0 GenCollectCount 0 0 0 7M ThreadPool 32760 32767 1000 1000
2021-06-26 00:40:51.462 +08:00 [SkyWalkingDemo2] [Information] SkyApm.Service.PingService : Ping server @2021/6/25 16:40:51 +00:00
2021-06-26 00:41:21.460 +08:00 [SkyWalkingDemo2] [Information] SkyApm.Service.CLRStatsService : Report CLR Stats. CPU UsagePercent 0 GenCollectCount 0 0 0 7M ThreadPool 32763 32767 1000 1000
2021-06-26 00:41:51.442 +08:00 [SkyWalkingDemo2] [Information] SkyApm.Service.PingService : Ping server @2021/6/25 16:41:51 +00:00
2021-06-26 00:41:51.487 +08:00 [SkyWalkingDemo2] [Information] SkyApm.Service.CLRStatsService : Report CLR Stats. CPU UsagePercent 0 GenCollectCount 0 0 0 7M ThreadPool 32763 32767 1000 1000
2021-06-26 00:42:21.446 +08:00 [SkyWalkingDemo2] [Information] SkyApm.Service.CLRStatsService : Report CLR Stats. CPU UsagePercent 0 GenCollectCount 0 0 0 7M ThreadPool 32764 32767 1000 1000
2021-06-26 00:42:51.452 +08:00 [SkyWalkingDemo2] [Information] SkyApm.Service.CLRStatsService : Report CLR Stats. CPU UsagePercent 0 GenCollectCount 0 0 0 8M ThreadPool 32758 32767 1000 1000
2021-06-26 00:42:51.491 +08:00 [SkyWalkingDemo2] [Information] SkyApm.Service.PingService : Ping server @2021/6/25 16:42:51 +00:00
2021-06-26 00:43:21.454 +08:00 [SkyWalkingDemo2] [Information] SkyApm.Service.CLRStatsService : Report CLR Stats. CPU UsagePercent 0 GenCollectCount 0 0 0 8M ThreadPool 32764 32767 1000 1000
2021-06-26 00:43:51.454 +08:00 [SkyWalkingDemo2] [Information] SkyApm.Service.PingService : Ping server @2021/6/25 16:43:51 +00:00
2021-06-26 00:43:51.493 +08:00 [SkyWalkingDemo2] [Information] SkyApm.Service.CLRStatsService : Report CLR Stats. CPU UsagePercent 0 GenCollectCount 0 0 0 8M ThreadPool 32760 32767 1000 1000
2021-06-26 00:44:21.447 +08:00 [SkyWalkingDemo2] [Information] SkyApm.Service.CLRStatsService : Report CLR Stats. CPU UsagePercent 0 GenCollectCount 0 0 0 9M ThreadPool 32761 32767 1000 1000
2021-06-26 00:44:51.457 +08:00 [SkyWalkingDemo2] [Information] SkyApm.Service.CLRStatsService : Report CLR Stats. CPU UsagePercent 0 GenCollectCount 0 0 0 9M ThreadPool 32760 32767 1000 1000
2021-06-26 00:44:51.495 +08:00 [SkyWalkingDemo2] [Information] SkyApm.Service.PingService : Ping server @2021/6/25 16:44:51 +00:00
2021-06-26 00:45:21.450 +08:00 [SkyWalkingDemo2] [Information] SkyApm.Service.CLRStatsService : Report CLR Stats. CPU UsagePercent 0 GenCollectCount 0 0 0 9M ThreadPool 32762 32767 1000 1000
2021-06-26 00:45:51.446 +08:00 [SkyWalkingDemo2] [Information] SkyApm.Service.PingService : Ping server @2021/6/25 16:45:51 +00:00
2021-06-26 00:45:51.492 +08:00 [SkyWalkingDemo2] [Information] SkyApm.Service.CLRStatsService : Report CLR Stats. CPU UsagePercent 0 GenCollectCount 0 0 0 9M ThreadPool 32760 32767 1000 1000
2021-06-26 00:46:21.450 +08:00 [SkyWalkingDemo2] [Information] SkyApm.Service.CLRStatsService : Report CLR Stats. CPU UsagePercent 0 GenCollectCount 0 0 0 10M ThreadPool 32763 32767 1000 1000
2021-06-26 00:46:51.456 +08:00 [SkyWalkingDemo2] [Information] SkyApm.Service.PingService : Ping server @2021/6/25 16:46:51 +00:00
2021-06-26 00:46:51.493 +08:00 [SkyWalkingDemo2] [Information] SkyApm.Service.CLRStatsService : Report CLR Stats. CPU UsagePercent 0 GenCollectCount 0 0 0 10M ThreadPool 32760 32767 1000 1000
2021-06-26 00:47:21.444 +08:00 [SkyWalkingDemo2] [Information] SkyApm.Service.CLRStatsService : Report CLR Stats. CPU UsagePercent 0 GenCollectCount 0 0 0 10M ThreadPool 32761 32767 1000 1000
2021-06-26 00:47:51.454 +08:00 [SkyWalkingDemo2] [Information] SkyApm.Service.CLRStatsService : Report CLR Stats. CPU UsagePercent 0 GenCollectCount 0 0 0 10M ThreadPool 32758 32767 1000 1000
2021-06-26 00:47:51.491 +08:00 [SkyWalkingDemo2] [Information] SkyApm.Service.PingService : Ping server @2021/6/25 16:47:51 +00:00
2021-06-26 00:48:21.445 +08:00 [SkyWalkingDemo2] [Information] SkyApm.Service.CLRStatsService : Report CLR Stats. CPU UsagePercent 0 GenCollectCount 0 0 0 11M ThreadPool 32760 32767 1000 1000
2021-06-26 00:48:51.476 +08:00 [SkyWalkingDemo2] [Information] SkyApm.Service.PingService : Ping server @2021/6/25 16:48:51 +00:00
2021-06-26 00:48:51.497 +08:00 [SkyWalkingDemo2] [Information] SkyApm.Service.CLRStatsService : Report CLR Stats. CPU UsagePercent 0 GenCollectCount 0 0 0 11M ThreadPool 32761 32767 1000 1000
2021-06-26 00:49:21.453 +08:00 [SkyWalkingDemo2] [Information] SkyApm.Service.CLRStatsService : Report CLR Stats. CPU UsagePercent 0 GenCollectCount 0 0 0 11M ThreadPool 32760 32767 1000 1000
2021-06-26 00:49:51.471 +08:00 [SkyWalkingDemo2] [Information] SkyApm.Service.PingService : Ping server @2021/6/25 16:49:51 +00:00
2021-06-26 00:49:51.495 +08:00 [SkyWalkingDemo2] [Information] SkyApm.Service.CLRStatsService : Report CLR Stats. CPU UsagePercent 0 GenCollectCount 0 0 0 12M ThreadPool 32761 32767 1000 1000
2021-06-26 00:50:21.469 +08:00 [SkyWalkingDemo2] [Information] SkyApm.Service.CLRStatsService : Report CLR Stats. CPU UsagePercent 0 GenCollectCount 0 0 0 12M ThreadPool 32763 32767 1000 1000
2021-06-26 00:50:51.468 +08:00 [SkyWalkingDemo2] [Information] SkyApm.Service.PingService : Ping server @2021/6/25 16:50:51 +00:00
2021-06-26 00:50:51.495 +08:00 [SkyWalkingDemo2] [Information] SkyApm.Service.CLRStatsService : Report CLR Stats. CPU UsagePercent 0 GenCollectCount 0 0 0 12M ThreadPool 32759 32767 1000 1000
2021-06-26 00:51:21.448 +08:00 [SkyWalkingDemo2] [Information] SkyApm.Service.CLRStatsService : Report CLR Stats. CPU UsagePercent 0 GenCollectCount 0 0 0 12M ThreadPool 32764 32767 1000 1000
2021-06-26 00:51:51.465 +08:00 [SkyWalkingDemo2] [Information] SkyApm.Service.PingService : Ping server @2021/6/25 16:51:51 +00:00
2021-06-26 00:51:51.496 +08:00 [SkyWalkingDemo2] [Information] SkyApm.Service.CLRStatsService : Report CLR Stats. CPU UsagePercent 0 GenCollectCount 0 0 0 13M ThreadPool 32760 32767 1000 1000
2021-06-26 00:52:21.464 +08:00 [SkyWalkingDemo2] [Information] SkyApm.Service.CLRStatsService : Report CLR Stats. CPU UsagePercent 0 GenCollectCount 0 0 0 13M ThreadPool 32760 32767 1000 1000
2021-06-26 00:52:51.467 +08:00 [SkyWalkingDemo2] [Information] SkyApm.Service.PingService : Ping server @2021/6/25 16:52:51 +00:00
2021-06-26 00:52:51.494 +08:00 [SkyWalkingDemo2] [Information] SkyApm.Service.CLRStatsService : Report CLR Stats. CPU UsagePercent 0 GenCollectCount 0 0 0 13M ThreadPool 32761 32767 1000 1000
2021-06-26 00:53:21.448 +08:00 [SkyWalkingDemo2] [Information] SkyApm.Service.CLRStatsService : Report CLR Stats. CPU UsagePercent 0 GenCollectCount 0 0 0 13M ThreadPool 32762 32767 1000 1000
2021-06-26 00:53:51.470 +08:00 [SkyWalkingDemo2] [Information] SkyApm.Service.PingService : Ping server @2021/6/25 16:53:51 +00:00
2021-06-26 00:53:51.500 +08:00 [SkyWalkingDemo2] [Information] SkyApm.Service.CLRStatsService : Report CLR Stats. CPU UsagePercent 0 GenCollectCount 0 0 0 14M ThreadPool 32758 32767 1000 1000
2021-06-26 00:54:21.472 +08:00 [SkyWalkingDemo2] [Information] SkyApm.Service.CLRStatsService : Report CLR Stats. CPU UsagePercent 0 GenCollectCount 0 0 0 14M ThreadPool 32763 32767 1000 1000
2021-06-26 00:54:51.469 +08:00 [SkyWalkingDemo2] [Information] SkyApm.Service.PingService : Ping server @2021/6/25 16:54:51 +00:00
2021-06-26 00:54:51.496 +08:00 [SkyWalkingDemo2] [Information] SkyApm.Service.CLRStatsService : Report CLR Stats. CPU UsagePercent 0 GenCollectCount 0 0 0 14M ThreadPool 32758 32767 1000 1000
2021-06-26 00:55:21.467 +08:00 [SkyWalkingDemo2] [Information] SkyApm.Service.CLRStatsService : Report CLR Stats. CPU UsagePercent 0.015625 GenCollectCount 0 0 0 14M ThreadPool 32763 32767 1000 1000
